<?xml version="1.0" encoding="UTF-8"?>
<!-- Generated by org.testng.reporters.JUnitXMLReporter -->
<testsuite ignored="0" hostname="DESKTOP-JKMLIMQ" failures="0" tests="6" name="Google" time="0.583" errors="0" timestamp="2023-10-17T21:30:31 IST">
  <testcase classname="testScripts.StackoverflowTest" name="@BeforeClass setUp" time="0.044">
    <failure type="java.lang.NullPointerException" message="Cannot invoke &amp;quot;String.equalsIgnoreCase(String)&amp;quot; because the return value of &amp;quot;common.Reusable.getGlobalData(String)&amp;quot; is null">
      <![CDATA[java.lang.NullPointerException: Cannot invoke "String.equalsIgnoreCase(String)" because the return value of "common.Reusable.getGlobalData(String)" is null
at common.Reusable.createDriverInstance(Reusable.java:35)
at testScripts.StackoverflowTest.setUp(StackoverflowTest.java:28)
at java.base/java.util.ArrayList.forEach(ArrayList.java:1511)
... Removed 25 stack frames]]>
    </failure>
  </testcase> <!-- @BeforeClass setUp -->
  <testcase classname="testScripts.StackoverflowTest" name="@AfterClass tearDown" time="0.0">
    <skipped/>
  </testcase> <!-- @AfterClass tearDown -->
  <testcase classname="testScripts.StackoverflowTest" name="test_theLogo" time="0.0">
    <skipped/>
  </testcase> <!-- test_theLogo -->
  <testcase classname="testScripts.StackoverflowTest" name="test_the_Aboutheader_link" time="0.0">
    <skipped/>
  </testcase> <!-- test_the_Aboutheader_link -->
  <testcase classname="testScripts.StackoverflowTest" name="test_the_Products_link" time="0.0">
    <skipped/>
  </testcase> <!-- test_the_Products_link -->
  <testcase classname="testScripts.StackoverflowTest" name="test_For_Teams_link" time="0.0">
    <skipped/>
  </testcase> <!-- test_For_Teams_link -->
  <testcase classname="testScripts.StackoverflowTest" name="Search_box" time="0.0">
    <skipped/>
  </testcase> <!-- Search_box -->
  <testcase classname="testScripts.StackoverflowTest" name="test_the_Log_in_button" time="0.0">
    <skipped/>
  </testcase> <!-- test_the_Log_in_button -->
</testsuite> <!-- Google -->
