<?xml version="1.0" encoding="UTF-8"?>
<!-- Generated by org.testng.reporters.JUnitXMLReporter -->
<testsuite ignored="0" hostname="DESKTOP-JKMLIMQ" failures="0" tests="4" name="priority testing" time="0.636" errors="0" timestamp="2023-10-17T22:19:55 IST">
  <testcase classname="testing.Priority_Learning_TC_004" name="signup_page_validation" time="0.202"/>
  <testcase classname="testing.Priority_Learning_TC_004" name="signin_page_validation" time="0.004"/>
  <testcase classname="testing.Priority_Learning_TC_004" name="home_page_validation" time="0.013"/>
  <testcase classname="testing.Priority_Learning_TC_004" name="cart_page_validation" time="0.009"/>
</testsuite> <!-- priority testing -->
