<?xml version="1.0" encoding="UTF-8"?>
<testng-results ignored="0" total="2" passed="2" failed="0" skipped="0">
  <reporter-output>
  </reporter-output>
  <suite started-at="2023-10-17T22:25:20 IST" name="prioritySuite" finished-at="2023-10-17T22:25:27 IST" duration-ms="6709">
    <groups>
    </groups>
    <test started-at="2023-10-17T22:25:20 IST" name="priority testing" finished-at="2023-10-17T22:25:27 IST" duration-ms="6709">
      <class name="testing.TC_001">
        <test-method is-config="true" signature="launch_application()[pri:0, instance:testing.TC_001@5824a83d]" started-at="2023-10-17T22:25:20 IST" name="launch_application" finished-at="2023-10-17T22:25:26 IST" duration-ms="5610" status="PASS">
          <reporter-output>
          </reporter-output>
        </test-method> <!-- launch_application -->
        <test-method signature="do_some_testing()[pri:0, instance:testing.TC_001@5824a83d]" started-at="2023-10-17T22:25:26 IST" name="do_some_testing" finished-at="2023-10-17T22:25:26 IST" duration-ms="169" status="PASS">
          <reporter-output>
          </reporter-output>
        </test-method> <!-- do_some_testing -->
        <test-method signature="do_some_testing_1()[pri:0, instance:testing.TC_001@5824a83d]" started-at="2023-10-17T22:25:26 IST" name="do_some_testing_1" finished-at="2023-10-17T22:25:26 IST" duration-ms="3" status="PASS">
          <reporter-output>
          </reporter-output>
        </test-method> <!-- do_some_testing_1 -->
        <test-method is-config="true" signature="close_application()[pri:0, instance:testing.TC_001@5824a83d]" started-at="2023-10-17T22:25:26 IST" name="close_application" finished-at="2023-10-17T22:25:27 IST" duration-ms="656" status="PASS">
          <reporter-output>
          </reporter-output>
        </test-method> <!-- close_application -->
      </class> <!-- testing.TC_001 -->
    </test> <!-- priority testing -->
  </suite> <!-- prioritySuite -->
</testng-results>
